Performing C SOURCE FILE Test CMAKE_HAVE_LIBC_PTHREAD failed with the following output:
Change Dir: D:/oop/ContentChecker/out/build/x64-debug/CMakeFiles/CMakeScratch/TryCompile-kkgwhx

Run Build Command(s):D:\OOP\1\COMMON7\IDE\COMMONEXTENSIONS\MICROSOFT\CMAKE\Ninja\ninja.exe cmTC_df076 && [1/2] Building C object CMakeFiles\cmTC_df076.dir\src.c.obj
FAILED: CMakeFiles/cmTC_df076.dir/src.c.obj 
D:\oop\1\VC\Tools\MSVC\14.35.32215\bin\Hostx64\x64\cl.exe  /nologo -DCMAKE_HAVE_LIBC_PTHREAD  /DWIN32 /D_WINDOWS /W3  /MDd /Ob0 /Od /RTC1 /showIncludes /FoCMakeFiles\cmTC_df076.dir\src.c.obj /FdCMakeFiles\cmTC_df076.dir\ /FS -c D:\oop\ContentChecker\out\build\x64-debug\CMakeFiles\CMakeScratch\TryCompile-kkgwhx\src.c
D:\oop\ContentChecker\out\build\x64-debug\CMakeFiles\CMakeScratch\TryCompile-kkgwhx\src.c(1): fatal error C1083: Не удается открыть файл включение: pthread.h: No such file or directory,
ninja: build stopped: subcommand failed.


Source file was:
#include <pthread.h>

static void* test_func(void* data)
{
  return data;
}

int main(void)
{
  pthread_t thread;
  pthread_create(&thread, NULL, test_func, NULL);
  pthread_detach(thread);
  pthread_cancel(thread);
  pthread_join(thread, NULL);
  pthread_atfork(NULL, NULL, NULL);
  pthread_exit(NULL);

  return 0;
}


Determining if the function pthread_create exists in the pthreads failed with the following output:
Change Dir: D:/oop/ContentChecker/out/build/x64-debug/CMakeFiles/CMakeScratch/TryCompile-jfto55

Run Build Command(s):D:\OOP\1\COMMON7\IDE\COMMONEXTENSIONS\MICROSOFT\CMAKE\Ninja\ninja.exe cmTC_df8aa && [1/2] Building C object CMakeFiles\cmTC_df8aa.dir\CheckFunctionExists.c.obj
[2/2] Linking C executable cmTC_df8aa.exe
FAILED: cmTC_df8aa.exe 
cmd.exe /C "cd . && D:\oop\1\Common7\IDE\CommonExtensions\Microsoft\CMake\CMake\bin\cmake.exe -E vs_link_exe --intdir=CMakeFiles\cmTC_df8aa.dir --rc=C:\PROGRA~2\WI3CF2~1\10\bin\100220~1.0\x64\rc.exe --mt=C:\PROGRA~2\WI3CF2~1\10\bin\100220~1.0\x64\mt.exe --manifests  -- D:\oop\1\VC\Tools\MSVC\14.35.32215\bin\Hostx64\x64\link.exe /nologo CMakeFiles\cmTC_df8aa.dir\CheckFunctionExists.c.obj  /out:cmTC_df8aa.exe /implib:cmTC_df8aa.lib /pdb:cmTC_df8aa.pdb /version:0.0 /machine:x64  /debug /INCREMENTAL /subsystem:console  pthreads.lib  kernel32.lib user32.lib gdi32.lib winspool.lib shell32.lib ole32.lib oleaut32.lib uuid.lib comdlg32.lib advapi32.lib && cd ."
LINK Pass 1: command "D:\oop\1\VC\Tools\MSVC\14.35.32215\bin\Hostx64\x64\link.exe /nologo CMakeFiles\cmTC_df8aa.dir\CheckFunctionExists.c.obj /out:cmTC_df8aa.exe /implib:cmTC_df8aa.lib /pdb:cmTC_df8aa.pdb /version:0.0 /machine:x64 /debug /INCREMENTAL /subsystem:console pthreads.lib kernel32.lib user32.lib gdi32.lib winspool.lib shell32.lib ole32.lib oleaut32.lib uuid.lib comdlg32.lib advapi32.lib /MANIFEST /MANIFESTFILE:CMakeFiles\cmTC_df8aa.dir/intermediate.manifest CMakeFiles\cmTC_df8aa.dir/manifest.res" failed (exit code 1104) with the following output:
LINK : fatal error LNK1104: не удается открыть файл "pthreads.lib"
ninja: build stopped: subcommand failed.



Determining if the function pthread_create exists in the pthread failed with the following output:
Change Dir: D:/oop/ContentChecker/out/build/x64-debug/CMakeFiles/CMakeScratch/TryCompile-ok2wkj

Run Build Command(s):D:\OOP\1\COMMON7\IDE\COMMONEXTENSIONS\MICROSOFT\CMAKE\Ninja\ninja.exe cmTC_d44a8 && [1/2] Building C object CMakeFiles\cmTC_d44a8.dir\CheckFunctionExists.c.obj
[2/2] Linking C executable cmTC_d44a8.exe
FAILED: cmTC_d44a8.exe 
cmd.exe /C "cd . && D:\oop\1\Common7\IDE\CommonExtensions\Microsoft\CMake\CMake\bin\cmake.exe -E vs_link_exe --intdir=CMakeFiles\cmTC_d44a8.dir --rc=C:\PROGRA~2\WI3CF2~1\10\bin\100220~1.0\x64\rc.exe --mt=C:\PROGRA~2\WI3CF2~1\10\bin\100220~1.0\x64\mt.exe --manifests  -- D:\oop\1\VC\Tools\MSVC\14.35.32215\bin\Hostx64\x64\link.exe /nologo CMakeFiles\cmTC_d44a8.dir\CheckFunctionExists.c.obj  /out:cmTC_d44a8.exe /implib:cmTC_d44a8.lib /pdb:cmTC_d44a8.pdb /version:0.0 /machine:x64  /debug /INCREMENTAL /subsystem:console  pthread.lib  kernel32.lib user32.lib gdi32.lib winspool.lib shell32.lib ole32.lib oleaut32.lib uuid.lib comdlg32.lib advapi32.lib && cd ."
LINK Pass 1: command "D:\oop\1\VC\Tools\MSVC\14.35.32215\bin\Hostx64\x64\link.exe /nologo CMakeFiles\cmTC_d44a8.dir\CheckFunctionExists.c.obj /out:cmTC_d44a8.exe /implib:cmTC_d44a8.lib /pdb:cmTC_d44a8.pdb /version:0.0 /machine:x64 /debug /INCREMENTAL /subsystem:console pthread.lib kernel32.lib user32.lib gdi32.lib winspool.lib shell32.lib ole32.lib oleaut32.lib uuid.lib comdlg32.lib advapi32.lib /MANIFEST /MANIFESTFILE:CMakeFiles\cmTC_d44a8.dir/intermediate.manifest CMakeFiles\cmTC_d44a8.dir/manifest.res" failed (exit code 1104) with the following output:
LINK : fatal error LNK1104: не удается открыть файл "pthread.lib"
ninja: build stopped: subcommand failed.



